2019-15-07 15:35:21   INFO [libs.ActionsWithOurElements] : Element was clicked
2019-15-07 15:35:21   INFO [pages.KrimOffensePage] : type torture of person was selected
2019-15-07 15:35:23   INFO [libs.ActionsWithOurElements] : Element was clicked
2019-15-07 15:35:23   INFO [pages.KrimOffensePage] : tab Characteristics Of Criminal Offense was opened
2019-15-07 15:35:23   INFO [libs.ActionsWithOurElements] : 05 місто was input into element
2019-15-07 15:35:24   INFO [pages.CharacteristicsOfCriminalOffense] : ok
2019-15-07 15:35:26   INFO [libs.ActionsWithOurElements] : Element was clicked
2019-15-07 15:35:29   INFO [libs.ActionsWithOurElements] : 135 was input into element
2019-15-07 15:35:31   INFO [libs.ActionsWithOurElements] : Element was clicked
2019-15-07 15:35:31   INFO [libs.ActionsWithOurElements] : mimo
2019-15-07 15:35:33   INFO [libs.ActionsWithOurElements] : Element was clicked
2019-15-07 15:35:33   INFO [pages.KrimOffensePage] : tab victim was opened
2019-15-07 15:35:33   INFO [libs.ActionsWithOurElements] : 2 was input into element
2019-15-07 15:35:34   INFO [libs.ActionsWithOurElements] : 3 was input into element
2019-15-07 15:35:36   INFO [libs.ActionsWithOurElements] : Element was clicked
2019-15-07 15:35:36   INFO [libs.ActionsWithOurElements] : Україна was input into element
2019-15-07 15:35:38   INFO [libs.ActionsWithOurElements] : 3 was input into element
2019-15-07 15:35:39   INFO [libs.ActionsWithOurElements] : Element was clicked
2019-15-07 15:35:53   INFO [libs.ActionsWithOurElements] : mimo
2019-15-07 15:35:55   INFO [libs.ActionsWithOurElements] : Element was clicked
2019-15-07 15:35:55   INFO [libs.ActionsWithOurElements] : 018 учитель was input into element
2019-15-07 15:35:57   INFO [libs.ActionsWithOurElements] : 3 was input into element
2019-15-07 15:35:57   INFO [libs.ActionsWithOurElements] : 3 was input into element
2019-15-07 15:36:44   INFO [libs.ActionsWithOurElements] : Element was clicked
2019-15-07 15:40:44   INFO [krimProvPage.KrimProvPage] : Login page was opened
2019-15-07 15:40:44   INFO [krimProvPage.KrimProvPage] : AutoIT Script Started
2019-15-07 15:41:28   INFO [libs.ActionsWithOurElements] : Parent window is 4294967297
2019-15-07 15:41:29   INFO [libs.ActionsWithOurElements] : Total window 2
2019-15-07 15:41:33   INFO [pages.KrimOffensePage] : kerODR was selected
2019-15-07 15:41:38   INFO [pages.KrimOffensePage] : kerOP was selected
2019-15-07 15:41:38   INFO [libs.ActionsWithOurElements] : 115:41:38 was input into element
2019-15-07 15:41:38   INFO [pages.KrimOffensePage] : number of a statement was added
2019-15-07 15:41:40   INFO [libs.ActionsWithOurElements] : Element was clicked
2019-15-07 15:41:40   INFO [pages.KrimOffensePage] : Date of receipt of the application was added
2019-15-07 15:41:42   INFO [libs.ActionsWithOurElements] : иванов was input into element
2019-15-07 15:41:42   INFO [pages.KrimOffensePage] : last name was added
2019-15-07 15:41:42   INFO [libs.ActionsWithOurElements] : єщмштк was input into element
2019-15-07 15:41:42   INFO [pages.KrimOffensePage] : name was added
2019-15-07 15:41:42   INFO [libs.ActionsWithOurElements] : иванович was input into element
2019-15-07 15:41:42   INFO [pages.KrimOffensePage] : patronymic was added
2019-15-07 15:41:46   INFO [libs.ActionsWithOurElements] : Element was clicked
2019-15-07 15:41:46   INFO [pages.KrimOffensePage] : gender was selected
2019-15-07 15:41:46   INFO [libs.ActionsWithOurElements] : 01.05.1980 was input into element
2019-15-07 15:41:46   INFO [pages.KrimOffensePage] : Data of birth was selected
2019-15-07 15:41:46   INFO [libs.ActionsWithOurElements] : Празька was input into element
2019-15-07 15:41:46   INFO [pages.KrimOffensePage] : adress was added
2019-15-07 15:41:46   INFO [libs.ActionsWithOurElements] : 01.05.2019 01:00:00 was input into element
2019-15-07 15:41:46   INFO [pages.KrimOffensePage] : offense was entered
2019-15-07 15:41:46   INFO [libs.ActionsWithOurElements] : AutoIT Script Started
2019-15-07 15:41:49   INFO [pages.KrimOffensePage] : button was clicked
2019-15-07 15:41:51   INFO [libs.ActionsWithOurElements] : Element was clicked
2019-15-07 15:41:51   INFO [pages.KrimOffensePage] : person was selected
2019-15-07 15:41:51   INFO [libs.ActionsWithOurElements] : фабула 15:41 was input into element
2019-15-07 15:41:51   INFO [pages.KrimOffensePage] : story was entered
2019-15-07 15:41:53   INFO [libs.ActionsWithOurElements] : Element was clicked
2019-15-07 15:41:56   INFO [libs.ActionsWithOurElements] : СТ.115 Ч.2 П.1 was input into element
2019-15-07 15:41:58   INFO [libs.ActionsWithOurElements] : Element was clicked
2019-15-07 15:41:59   INFO [libs.ActionsWithOurElements] : Element was clicked
2019-15-07 15:42:01   INFO [libs.ActionsWithOurElements] : Element was clicked
2019-15-07 15:42:03   INFO [libs.ActionsWithOurElements] : Element was clicked
2019-15-07 15:42:05   INFO [libs.ActionsWithOurElements] : Element was clicked
2019-15-07 15:42:06   INFO [libs.ActionsWithOurElements] : Element was clicked
2019-15-07 15:42:08   INFO [libs.ActionsWithOurElements] : Element was clicked
2019-15-07 15:42:08   INFO [pages.KrimOffensePage] : area was added
2019-15-07 15:42:11   INFO [libs.ActionsWithOurElements] : Element was clicked
2019-15-07 15:42:14   INFO [libs.ActionsWithOurElements] : Element was clicked
2019-15-07 15:42:14   INFO [pages.KrimOffensePage] : offenses was added
2019-15-07 15:42:15   INFO [libs.ActionsWithOurElements] : Element was clicked
2019-15-07 15:42:15   INFO [pages.KrimOffensePage] : offence ATO was selected
2019-15-07 15:42:17   INFO [libs.ActionsWithOurElements] : Element was clicked
2019-15-07 15:42:18   INFO [libs.ActionsWithOurElements] : Element was clicked
2019-15-07 15:42:18   INFO [pages.KrimOffensePage] : type torture of person was selected
2019-15-07 15:42:21   INFO [libs.ActionsWithOurElements] : Element was clicked
2019-15-07 15:42:21   INFO [pages.KrimOffensePage] : tab Characteristics Of Criminal Offense was opened
2019-15-07 15:42:21   INFO [libs.ActionsWithOurElements] : 05 місто was input into element
2019-15-07 15:42:22   INFO [pages.CharacteristicsOfCriminalOffense] : ok
2019-15-07 15:42:24   INFO [libs.ActionsWithOurElements] : Element was clicked
2019-15-07 15:42:27   INFO [libs.ActionsWithOurElements] : 135 was input into element
2019-15-07 15:42:29   INFO [libs.ActionsWithOurElements] : Element was clicked
2019-15-07 15:42:29   INFO [libs.ActionsWithOurElements] : mimo
2019-15-07 15:42:31   INFO [libs.ActionsWithOurElements] : Element was clicked
2019-15-07 15:42:31   INFO [pages.KrimOffensePage] : tab victim was opened
2019-15-07 15:42:31   INFO [libs.ActionsWithOurElements] : 2 was input into element
2019-15-07 15:42:31   INFO [libs.ActionsWithOurElements] : 3 was input into element
2019-15-07 15:42:33   INFO [libs.ActionsWithOurElements] : Element was clicked
2019-15-07 15:42:33   INFO [libs.ActionsWithOurElements] : Україна was input into element
2019-15-07 15:42:36   INFO [libs.ActionsWithOurElements] : 3 was input into element
2019-15-07 15:42:37   INFO [libs.ActionsWithOurElements] : Element was clicked
2019-15-07 15:43:09   INFO [libs.ActionsWithOurElements] : mimo
2019-15-07 15:43:11   INFO [libs.ActionsWithOurElements] : Element was clicked
2019-15-07 15:43:11   INFO [libs.ActionsWithOurElements] : 018 учитель was input into element
2019-15-07 15:43:13   INFO [libs.ActionsWithOurElements] : 3 was input into element
2019-15-07 15:43:13   INFO [libs.ActionsWithOurElements] : 3 was input into element
2019-15-07 15:44:00   INFO [libs.ActionsWithOurElements] : Element was clicked
2019-15-07 15:44:13   INFO [libs.ActionsWithOurElements] : mimo
2019-15-07 15:44:21   INFO [libs.ActionsWithOurElements] : Element was clicked
2019-15-07 15:44:22   INFO [libs.ActionsWithOurElements] : Element was clicked
2019-15-07 15:44:28   INFO [krimProvPage.KrimProvPage] : AutoIT Script close
